This file contains any messages produced by compilers while
running configure, to aid debugging if configure makes a mistake.

It was created by configure, which was
generated by GNU Autoconf 2.59.  Invocation command line was

  $ ./configure 

## --------- ##
## Platform. ##
## --------- ##

hostname = emc-t440
uname -m = x86_64
uname -r = 5.4.0-70-generic
uname -s = Linux
uname -v = #78-Ubuntu SMP Fri Mar 19 13:29:52 UTC 2021

/usr/bin/uname -p = x86_64
/bin/uname -X     = unknown

/bin/arch              = x86_64
/usr/bin/arch -k       = unknown
/usr/convex/getsysinfo = unknown
hostinfo               = unknown
/bin/machine           = unknown
/usr/bin/oslevel       = unknown
/bin/universe          = unknown

PATH: /home/hypermoon/.vscode-server/bin/2b9aebd5354a3629c3aba0a5f5df49f43d6689f8/bin
PATH: /home/hypermoon/.local/bin
PATH: /home/hypermoon/.vscode-server/bin/2b9aebd5354a3629c3aba0a5f5df49f43d6689f8/bin
PATH: /usr/local/sbin
PATH: /usr/local/bin
PATH: /usr/sbin
PATH: /usr/bin
PATH: /sbin
PATH: /bin
PATH: /usr/games
PATH: /usr/local/games
PATH: /snap/bin


## ----------- ##
## Core tests. ##
## ----------- ##

configure:1362: checking build system type
configure:1380: result: x86_64-unknown-linux-gnu
configure:1388: checking host system type
configure:1402: result: x86_64-unknown-linux-gnu
configure:1410: checking target system type
configure:1424: result: x86_64-unknown-linux-gnu
configure:1496: checking for gcc
configure:1512: found /usr/bin/gcc
configure:1522: result: gcc
configure:1766: checking for C compiler version
configure:1769: gcc --version </dev/null >&5
gcc (Ubuntu 9.3.0-17ubuntu1~20.04) 9.3.0
Copyright (C) 2019 Free Software Foundation, Inc.
This is free software; see the source for copying conditions.  There is NO
warranty; not even for MERCHANTABILITY or FITNESS FOR A PARTICULAR PURPOSE.

configure:1772: $? = 0
configure:1774: gcc -v </dev/null >&5
Using built-in specs.
COLLECT_GCC=gcc
COLLECT_LTO_WRAPPER=/usr/lib/gcc/x86_64-linux-gnu/9/lto-wrapper
OFFLOAD_TARGET_NAMES=nvptx-none:hsa
OFFLOAD_TARGET_DEFAULT=1
Target: x86_64-linux-gnu
Configured with: ../src/configure -v --with-pkgversion='Ubuntu 9.3.0-17ubuntu1~20.04' --with-bugurl=file:///usr/share/doc/gcc-9/README.Bugs --enable-languages=c,ada,c++,go,brig,d,fortran,objc,obj-c++,gm2 --prefix=/usr --with-gcc-major-version-only --program-suffix=-9 --program-prefix=x86_64-linux-gnu- --enable-shared --enable-linker-build-id --libexecdir=/usr/lib --without-included-gettext --enable-threads=posix --libdir=/usr/lib --enable-nls --enable-clocale=gnu --enable-libstdcxx-debug --enable-libstdcxx-time=yes --with-default-libstdcxx-abi=new --enable-gnu-unique-object --disable-vtable-verify --enable-plugin --enable-default-pie --with-system-zlib --with-target-system-zlib=auto --enable-objc-gc=auto --enable-multiarch --disable-werror --with-arch-32=i686 --with-abi=m64 --with-multilib-list=m32,m64,mx32 --enable-multilib --with-tune=generic --enable-offload-targets=nvptx-none=/build/gcc-9-HskZEa/gcc-9-9.3.0/debian/tmp-nvptx/usr,hsa --without-cuda-driver --enable-checking=release --build=x86_64-linux-gnu --host=x86_64-linux-gnu --target=x86_64-linux-gnu
Thread model: posix
gcc version 9.3.0 (Ubuntu 9.3.0-17ubuntu1~20.04) 
configure:1777: $? = 0
configure:1779: gcc -V </dev/null >&5
gcc: error: unrecognized command line option '-V'
gcc: fatal error: no input files
compilation terminated.
configure:1782: $? = 1
configure:1805: checking for C compiler default output file name
configure:1808: gcc    conftest.c  >&5
configure:1811: $? = 0
configure:1857: result: a.out
configure:1862: checking whether the C compiler works
configure:1868: ./a.out
configure:1871: $? = 0
configure:1888: result: yes
configure:1895: checking whether we are cross compiling
configure:1897: result: no
configure:1900: checking for suffix of executables
configure:1902: gcc -o conftest    conftest.c  >&5
configure:1905: $? = 0
configure:1930: result: 
configure:1936: checking for suffix of object files
configure:1957: gcc -c   conftest.c >&5
configure:1960: $? = 0
configure:1982: result: o
configure:1986: checking whether we are using the GNU C compiler
configure:2010: gcc -c   conftest.c >&5
configure:2016: $? = 0
configure:2019: test -z 			 || test ! -s conftest.err
configure:2022: $? = 0
configure:2025: test -s conftest.o
configure:2028: $? = 0
configure:2041: result: yes
configure:2047: checking whether gcc accepts -g
configure:2068: gcc -c -g  conftest.c >&5
configure:2074: $? = 0
configure:2077: test -z 			 || test ! -s conftest.err
configure:2080: $? = 0
configure:2083: test -s conftest.o
configure:2086: $? = 0
configure:2097: result: yes
configure:2114: checking for gcc option to accept ANSI C
configure:2184: gcc  -c -g -O2  conftest.c >&5
configure:2190: $? = 0
configure:2193: test -z 			 || test ! -s conftest.err
configure:2196: $? = 0
configure:2199: test -s conftest.o
configure:2202: $? = 0
configure:2220: result: none needed
configure:2238: gcc -c -g -O2  conftest.c >&5
conftest.c:2:3: error: unknown type name 'choke'
    2 |   choke me
      |   ^~~~~
conftest.c:2:3: error: expected '=', ',', ';', 'asm' or '__attribute__' at end of input
configure:2244: $? = 1
configure: failed program was:
| #ifndef __cplusplus
|   choke me
| #endif
configure:2415: checking for ranlib
configure:2431: found /usr/bin/ranlib
configure:2442: result: ranlib
configure:2467: checking for a BSD-compatible install
configure:2522: result: /usr/bin/install -c
configure:2540: checking how to run the C preprocessor
configure:2575: gcc -E  conftest.c
configure:2581: $? = 0
configure:2613: gcc -E  conftest.c
conftest.c:9:10: fatal error: ac_nonexistent.h: No such file or directory
    9 | #include <ac_nonexistent.h>
      |          ^~~~~~~~~~~~~~~~~~
compilation terminated.
configure:2619: $? = 1
configure: failed program was:
| /* confdefs.h.  */
| 
| #define PACKAGE_NAME ""
| #define PACKAGE_TARNAME ""
| #define PACKAGE_VERSION ""
| #define PACKAGE_STRING ""
| #define PACKAGE_BUGREPORT ""
| /* end confdefs.h.  */
| #include <ac_nonexistent.h>
configure:2658: result: gcc -E
configure:2682: gcc -E  conftest.c
configure:2688: $? = 0
configure:2720: gcc -E  conftest.c
conftest.c:9:10: fatal error: ac_nonexistent.h: No such file or directory
    9 | #include <ac_nonexistent.h>
      |          ^~~~~~~~~~~~~~~~~~
compilation terminated.
configure:2726: $? = 1
configure: failed program was:
| /* confdefs.h.  */
| 
| #define PACKAGE_NAME ""
| #define PACKAGE_TARNAME ""
| #define PACKAGE_VERSION ""
| #define PACKAGE_STRING ""
| #define PACKAGE_BUGREPORT ""
| /* end confdefs.h.  */
| #include <ac_nonexistent.h>
configure:2770: checking for egrep
configure:2780: result: grep -E
configure:2785: checking for ANSI C header files
configure:2810: gcc -c -g -O2  conftest.c >&5
configure:2816: $? = 0
configure:2819: test -z 			 || test ! -s conftest.err
configure:2822: $? = 0
configure:2825: test -s conftest.o
configure:2828: $? = 0
configure:2917: gcc -o conftest -g -O2   conftest.c  >&5
conftest.c: In function 'main':
conftest.c:26:7: warning: implicit declaration of function 'exit' [-Wimplicit-function-declaration]
   26 |       exit(2);
      |       ^~~~
conftest.c:26:7: warning: incompatible implicit declaration of built-in function 'exit'
conftest.c:10:1: note: include '<stdlib.h>' or provide a declaration of 'exit'
    9 | #include <ctype.h>
  +++ |+#include <stdlib.h>
   10 | #if ((' ' & 0x0FF) == 0x020)
conftest.c:27:3: warning: incompatible implicit declaration of built-in function 'exit'
   27 |   exit (0);
      |   ^~~~
conftest.c:27:3: note: include '<stdlib.h>' or provide a declaration of 'exit'
configure:2920: $? = 0
configure:2922: ./conftest
configure:2925: $? = 0
configure:2940: result: yes
configure:2964: checking for sys/types.h
configure:2980: gcc -c -g -O2  conftest.c >&5
configure:2986: $? = 0
configure:2989: test -z 			 || test ! -s conftest.err
configure:2992: $? = 0
configure:2995: test -s conftest.o
configure:2998: $? = 0
configure:3009: result: yes
configure:2964: checking for sys/stat.h
configure:2980: gcc -c -g -O2  conftest.c >&5
configure:2986: $? = 0
configure:2989: test -z 			 || test ! -s conftest.err
configure:2992: $? = 0
configure:2995: test -s conftest.o
configure:2998: $? = 0
configure:3009: result: yes
configure:2964: checking for stdlib.h
configure:2980: gcc -c -g -O2  conftest.c >&5
configure:2986: $? = 0
configure:2989: test -z 			 || test ! -s conftest.err
configure:2992: $? = 0
configure:2995: test -s conftest.o
configure:2998: $? = 0
configure:3009: result: yes
configure:2964: checking for string.h
configure:2980: gcc -c -g -O2  conftest.c >&5
configure:2986: $? = 0
configure:2989: test -z 			 || test ! -s conftest.err
configure:2992: $? = 0
configure:2995: test -s conftest.o
configure:2998: $? = 0
configure:3009: result: yes
configure:2964: checking for memory.h
configure:2980: gcc -c -g -O2  conftest.c >&5
configure:2986: $? = 0
configure:2989: test -z 			 || test ! -s conftest.err
configure:2992: $? = 0
configure:2995: test -s conftest.o
configure:2998: $? = 0
configure:3009: result: yes
configure:2964: checking for strings.h
configure:2980: gcc -c -g -O2  conftest.c >&5
configure:2986: $? = 0
configure:2989: test -z 			 || test ! -s conftest.err
configure:2992: $? = 0
configure:2995: test -s conftest.o
configure:2998: $? = 0
configure:3009: result: yes
configure:2964: checking for inttypes.h
configure:2980: gcc -c -g -O2  conftest.c >&5
configure:2986: $? = 0
configure:2989: test -z 			 || test ! -s conftest.err
configure:2992: $? = 0
configure:2995: test -s conftest.o
configure:2998: $? = 0
configure:3009: result: yes
configure:2964: checking for stdint.h
configure:2980: gcc -c -g -O2  conftest.c >&5
configure:2986: $? = 0
configure:2989: test -z 			 || test ! -s conftest.err
configure:2992: $? = 0
configure:2995: test -s conftest.o
configure:2998: $? = 0
configure:3009: result: yes
configure:2964: checking for unistd.h
configure:2980: gcc -c -g -O2  conftest.c >&5
configure:2986: $? = 0
configure:2989: test -z 			 || test ! -s conftest.err
configure:2992: $? = 0
configure:2995: test -s conftest.o
configure:2998: $? = 0
configure:3009: result: yes
configure:3037: checking sys/time.h usability
configure:3049: gcc -c -g -O2  conftest.c >&5
configure:3055: $? = 0
configure:3058: test -z 			 || test ! -s conftest.err
configure:3061: $? = 0
configure:3064: test -s conftest.o
configure:3067: $? = 0
configure:3077: result: yes
configure:3081: checking sys/time.h presence
configure:3091: gcc -E  conftest.c
configure:3097: $? = 0
configure:3117: result: yes
configure:3152: checking for sys/time.h
configure:3159: result: yes
configure:3037: checking syslog.h usability
configure:3049: gcc -c -g -O2  conftest.c >&5
configure:3055: $? = 0
configure:3058: test -z 			 || test ! -s conftest.err
configure:3061: $? = 0
configure:3064: test -s conftest.o
configure:3067: $? = 0
configure:3077: result: yes
configure:3081: checking syslog.h presence
configure:3091: gcc -E  conftest.c
configure:3097: $? = 0
configure:3117: result: yes
configure:3152: checking for syslog.h
configure:3159: result: yes
configure:3028: checking for unistd.h
configure:3033: result: yes
configure:3173: checking for an ANSI C-conforming const
configure:3240: gcc -c -g -O2  conftest.c >&5
configure:3246: $? = 0
configure:3249: test -z 			 || test ! -s conftest.err
configure:3252: $? = 0
configure:3255: test -s conftest.o
configure:3258: $? = 0
configure:3269: result: yes
configure:3279: checking for inline
configure:3300: gcc -c -g -O2  conftest.c >&5
configure:3306: $? = 0
configure:3309: test -z 			 || test ! -s conftest.err
configure:3312: $? = 0
configure:3315: test -s conftest.o
configure:3318: $? = 0
configure:3330: result: inline
configure:3349: checking whether time.h and sys/time.h may both be included
configure:3374: gcc -c -g -O2  conftest.c >&5
configure:3380: $? = 0
configure:3383: test -z 			 || test ! -s conftest.err
configure:3386: $? = 0
configure:3389: test -s conftest.o
configure:3392: $? = 0
configure:3403: result: yes
configure:3413: checking whether byte ordering is bigendian
configure:3440: gcc -c -g -O2  conftest.c >&5
configure:3446: $? = 0
configure:3449: test -z 			 || test ! -s conftest.err
configure:3452: $? = 0
configure:3455: test -s conftest.o
configure:3458: $? = 0
configure:3482: gcc -c -g -O2  conftest.c >&5
conftest.c: In function 'main':
conftest.c:30:2: error: unknown type name 'not'; did you mean 'ino_t'?
   30 |  not big endian
      |  ^~~
      |  ino_t
conftest.c:30:10: error: expected '=', ',', ';', 'asm' or '__attribute__' before 'endian'
   30 |  not big endian
      |          ^~~~~~
configure:3488: $? = 1
configure: failed program was:
| /* confdefs.h.  */
| 
| #define PACKAGE_NAME ""
| #define PACKAGE_TARNAME ""
| #define PACKAGE_VERSION ""
| #define PACKAGE_STRING ""
| #define PACKAGE_BUGREPORT ""
| #define STDC_HEADERS 1
| #define HAVE_SYS_TYPES_H 1
| #define HAVE_SYS_STAT_H 1
| #define HAVE_STDLIB_H 1
| #define HAVE_STRING_H 1
| #define HAVE_MEMORY_H 1
| #define HAVE_STRINGS_H 1
| #define HAVE_INTTYPES_H 1
| #define HAVE_STDINT_H 1
| #define HAVE_UNISTD_H 1
| #define HAVE_SYS_TIME_H 1
| #define HAVE_SYSLOG_H 1
| #define HAVE_UNISTD_H 1
| #define TIME_WITH_SYS_TIME 1
| /* end confdefs.h.  */
| #include <sys/types.h>
| #include <sys/param.h>
| 
| int
| main ()
| {
| #if BYTE_ORDER != BIG_ENDIAN
|  not big endian
| #endif
| 
|   ;
|   return 0;
| }
configure:3621: result: no
configure:3646: checking for gettimeofday
configure:3703: gcc -o conftest -g -O2 -D_BSD_SOURCE   conftest.c  >&5
In file included from /usr/include/x86_64-linux-gnu/bits/libc-header-start.h:33,
                 from /usr/include/limits.h:26,
                 from /usr/lib/gcc/x86_64-linux-gnu/9/include/limits.h:194,
                 from /usr/lib/gcc/x86_64-linux-gnu/9/include/syslimits.h:7,
                 from /usr/lib/gcc/x86_64-linux-gnu/9/include/limits.h:34,
                 from conftest.c:33:
/usr/include/features.h:187:3: warning: #warning "_BSD_SOURCE and _SVID_SOURCE are deprecated, use _DEFAULT_SOURCE" [-Wcpp]
  187 | # warning "_BSD_SOURCE and _SVID_SOURCE are deprecated, use _DEFAULT_SOURCE"
      |   ^~~~~~~
configure:3709: $? = 0
configure:3712: test -z 			 || test ! -s conftest.err
configure:3715: $? = 0
configure:3718: test -s conftest
configure:3721: $? = 0
configure:3733: result: yes
configure:3744: checking for socket in -lsocket
configure:3774: gcc -o conftest -g -O2 -D_BSD_SOURCE   conftest.c -lsocket   >&5
/usr/bin/ld: cannot find -lsocket
collect2: error: ld returned 1 exit status
configure:3780: $? = 1
configure: failed program was:
| /* confdefs.h.  */
| 
| #define PACKAGE_NAME ""
| #define PACKAGE_TARNAME ""
| #define PACKAGE_VERSION ""
| #define PACKAGE_STRING ""
| #define PACKAGE_BUGREPORT ""
| #define STDC_HEADERS 1
| #define HAVE_SYS_TYPES_H 1
| #define HAVE_SYS_STAT_H 1
| #define HAVE_STDLIB_H 1
| #define HAVE_STRING_H 1
| #define HAVE_MEMORY_H 1
| #define HAVE_STRINGS_H 1
| #define HAVE_INTTYPES_H 1
| #define HAVE_STDINT_H 1
| #define HAVE_UNISTD_H 1
| #define HAVE_SYS_TIME_H 1
| #define HAVE_SYSLOG_H 1
| #define HAVE_UNISTD_H 1
| #define TIME_WITH_SYS_TIME 1
| #define HAVE_GETTIMEOFDAY 1
| /* end confdefs.h.  */
| 
| /* Override any gcc2 internal prototype to avoid an error.  */
| #ifdef __cplusplus
| extern "C"
| #endif
| /* We use char because int might match the return type of a gcc2
|    builtin and then its argument prototype would still apply.  */
| char socket ();
| int
| main ()
| {
| socket ();
|   ;
|   return 0;
| }
configure:3805: result: no
configure:3817: checking for gethostbyname in -lnsl
configure:3847: gcc -o conftest -g -O2 -D_BSD_SOURCE   conftest.c -lnsl   >&5
configure:3853: $? = 0
configure:3856: test -z 			 || test ! -s conftest.err
configure:3859: $? = 0
configure:3862: test -s conftest
configure:3865: $? = 0
configure:3878: result: yes
configure:3906: checking for libpcap
configure:3996: result: yes
configure:4060: checking for pkg-config
configure:4078: found /usr/bin/pkg-config
configure:4090: result: /usr/bin/pkg-config
configure:4105: checking pkg-config is at least version 0.9.0
configure:4108: result: yes
configure:4119: checking for GLIB
configure:4124: $PKG_CONFIG --exists --print-errors "glib-2.0 >= 2.2.0"
configure:4127: $? = 0
configure:4138: $PKG_CONFIG --exists --print-errors "glib-2.0 >= 2.2.0"
configure:4141: $? = 0
configure:4196: result: yes
configure:4201: checking for GTHREAD
configure:4206: $PKG_CONFIG --exists --print-errors "gthread-2.0 >= 2.2.0"
configure:4209: $? = 0
configure:4220: $PKG_CONFIG --exists --print-errors "gthread-2.0 >= 2.2.0"
configure:4223: $? = 0
configure:4278: result: yes
configure:4283: checking for g_thread_init in -lgthread-2.0
configure:4313: gcc -o conftest -g -O2 -D_BSD_SOURCE   conftest.c -lgthread-2.0 -lgthread-2.0 -pthread -lglib-2.0 -lnsl  >&5
configure:4319: $? = 0
configure:4322: test -z 			 || test ! -s conftest.err
configure:4325: $? = 0
configure:4328: test -s conftest
configure:4331: $? = 0
configure:4344: result: yes
configure:4361: checking for libnet
configure:4455: gcc -o conftest -g -O2 -D_BSD_SOURCE -D_BSD_SOURCE -D__BSD_SOURCE -D__FAVOR_BSD -DHAVE_NET_ETHERNET_H   conftest.c -lnet -lgthread-2.0 -lnsl  >&5
In file included from /usr/include/x86_64-linux-gnu/bits/libc-header-start.h:33,
                 from /usr/include/stdio.h:27,
                 from /usr/include/libnet.h:62,
                 from conftest.c:26:
/usr/include/features.h:187:3: warning: #warning "_BSD_SOURCE and _SVID_SOURCE are deprecated, use _DEFAULT_SOURCE" [-Wcpp]
  187 | # warning "_BSD_SOURCE and _SVID_SOURCE are deprecated, use _DEFAULT_SOURCE"
      |   ^~~~~~~
configure:4461: $? = 0
configure:4464: test -z 			 || test ! -s conftest.err
configure:4467: $? = 0
configure:4470: test -s conftest
configure:4473: $? = 0
configure:4488: result: yes
configure:4502: checking whether to build shared library
configure:4524: result: no
configure:4530: checking the name of struct icmp
configure:4551: gcc -c -g -O2 -D_BSD_SOURCE  conftest.c >&5
In file included from /usr/include/x86_64-linux-gnu/sys/types.h:25,
                 from conftest.c:26:
/usr/include/features.h:187:3: warning: #warning "_BSD_SOURCE and _SVID_SOURCE are deprecated, use _DEFAULT_SOURCE" [-Wcpp]
  187 | # warning "_BSD_SOURCE and _SVID_SOURCE are deprecated, use _DEFAULT_SOURCE"
      |   ^~~~~~~
configure:4557: $? = 0
configure:4560: test -z 			 || test ! -s conftest.err
configure:4563: $? = 0
configure:4566: test -s conftest.o
configure:4569: $? = 0
configure:4581: result: struct icmphdr
configure:4585: checking if tcp states are defined
configure:4605: gcc -c -g -O2 -D_BSD_SOURCE  conftest.c >&5
In file included from /usr/include/x86_64-linux-gnu/sys/types.h:25,
                 from conftest.c:26:
/usr/include/features.h:187:3: warning: #warning "_BSD_SOURCE and _SVID_SOURCE are deprecated, use _DEFAULT_SOURCE" [-Wcpp]
  187 | # warning "_BSD_SOURCE and _SVID_SOURCE are deprecated, use _DEFAULT_SOURCE"
      |   ^~~~~~~
configure:4611: $? = 0
configure:4614: test -z 			 || test ! -s conftest.err
configure:4617: $? = 0
configure:4620: test -s conftest.o
configure:4623: $? = 0
configure:4635: result: yes
configure:4640: checking for bsd-ish struct udphdr
configure:4660: gcc -c -g -O2 -D_BSD_SOURCE  conftest.c >&5
In file included from /usr/include/x86_64-linux-gnu/sys/types.h:25,
                 from conftest.c:26:
/usr/include/features.h:187:3: warning: #warning "_BSD_SOURCE and _SVID_SOURCE are deprecated, use _DEFAULT_SOURCE" [-Wcpp]
  187 | # warning "_BSD_SOURCE and _SVID_SOURCE are deprecated, use _DEFAULT_SOURCE"
      |   ^~~~~~~
configure:4666: $? = 0
configure:4669: test -z 			 || test ! -s conftest.err
configure:4672: $? = 0
configure:4675: test -s conftest.o
configure:4678: $? = 0
configure:4690: result: yes
configure:4697: checking libnet version
configure:4715: gcc -c -g -O2 -D_BSD_SOURCE -D_BSD_SOURCE -D__BSD_SOURCE -D__FAVOR_BSD -DHAVE_NET_ETHERNET_H  conftest.c >&5
In file included from /usr/include/x86_64-linux-gnu/bits/libc-header-start.h:33,
                 from /usr/include/stdio.h:27,
                 from /usr/include/libnet.h:62,
                 from conftest.c:26:
/usr/include/features.h:187:3: warning: #warning "_BSD_SOURCE and _SVID_SOURCE are deprecated, use _DEFAULT_SOURCE" [-Wcpp]
  187 | # warning "_BSD_SOURCE and _SVID_SOURCE are deprecated, use _DEFAULT_SOURCE"
      |   ^~~~~~~
configure:4721: $? = 0
configure:4724: test -z 			 || test ! -s conftest.err
configure:4727: $? = 0
configure:4730: test -s conftest.o
configure:4733: $? = 0
configure:4745: result: looks new
configure:4847: creating ./config.status

## ---------------------- ##
## Running config.status. ##
## ---------------------- ##

This file was extended by config.status, which was
generated by GNU Autoconf 2.59.  Invocation command line was

  CONFIG_FILES    = 
  CONFIG_HEADERS  = 
  CONFIG_LINKS    = 
  CONFIG_COMMANDS = 
  $ ./config.status 

on emc-t440

config.status:705: creating Makefile
config.status:705: creating src/Makefile
config.status:705: creating samples/Makefile
config.status:771: creating src/config.h
config.status:887: src/config.h is unchanged

## ---------------- ##
## Cache variables. ##
## ---------------- ##

ac_cv_build=x86_64-unknown-linux-gnu
ac_cv_build_alias=x86_64-unknown-linux-gnu
ac_cv_c_bigendian=no
ac_cv_c_compiler_gnu=yes
ac_cv_c_const=yes
ac_cv_c_inline=inline
ac_cv_env_CC_set=
ac_cv_env_CC_value=
ac_cv_env_CFLAGS_set=
ac_cv_env_CFLAGS_value=
ac_cv_env_CPPFLAGS_set=
ac_cv_env_CPPFLAGS_value=
ac_cv_env_CPP_set=
ac_cv_env_CPP_value=
ac_cv_env_GLIB_CFLAGS_set=
ac_cv_env_GLIB_CFLAGS_value=
ac_cv_env_GLIB_LIBS_set=
ac_cv_env_GLIB_LIBS_value=
ac_cv_env_GTHREAD_CFLAGS_set=
ac_cv_env_GTHREAD_CFLAGS_value=
ac_cv_env_GTHREAD_LIBS_set=
ac_cv_env_GTHREAD_LIBS_value=
ac_cv_env_LDFLAGS_set=
ac_cv_env_LDFLAGS_value=
ac_cv_env_PKG_CONFIG_set=
ac_cv_env_PKG_CONFIG_value=
ac_cv_env_build_alias_set=
ac_cv_env_build_alias_value=
ac_cv_env_host_alias_set=
ac_cv_env_host_alias_value=
ac_cv_env_target_alias_set=
ac_cv_env_target_alias_value=
ac_cv_exeext=
ac_cv_func_gettimeofday=yes
ac_cv_header_inttypes_h=yes
ac_cv_header_memory_h=yes
ac_cv_header_stdc=yes
ac_cv_header_stdint_h=yes
ac_cv_header_stdlib_h=yes
ac_cv_header_string_h=yes
ac_cv_header_strings_h=yes
ac_cv_header_sys_stat_h=yes
ac_cv_header_sys_time_h=yes
ac_cv_header_sys_types_h=yes
ac_cv_header_syslog_h=yes
ac_cv_header_time=yes
ac_cv_header_unistd_h=yes
ac_cv_host=x86_64-unknown-linux-gnu
ac_cv_host_alias=x86_64-unknown-linux-gnu
ac_cv_lbl_unaligned_fail=no
ac_cv_lib_gthread_2_0_g_thread_init=yes
ac_cv_lib_nsl_gethostbyname=yes
ac_cv_lib_socket_socket=no
ac_cv_objext=o
ac_cv_path_ac_pt_PKG_CONFIG=/usr/bin/pkg-config
ac_cv_path_install='/usr/bin/install -c'
ac_cv_prog_CPP='gcc -E'
ac_cv_prog_ac_ct_CC=gcc
ac_cv_prog_ac_ct_RANLIB=ranlib
ac_cv_prog_cc_g=yes
ac_cv_prog_cc_stdc=
ac_cv_prog_egrep='grep -E'
ac_cv_target=x86_64-unknown-linux-gnu
ac_cv_target_alias=x86_64-unknown-linux-gnu
pkg_cv_GLIB_CFLAGS='-I/usr/include/glib-2.0 -I/usr/lib/x86_64-linux-gnu/glib-2.0/include'
pkg_cv_GLIB_LIBS=-lglib-2.0
pkg_cv_GTHREAD_CFLAGS='-pthread -I/usr/include/glib-2.0 -I/usr/lib/x86_64-linux-gnu/glib-2.0/include'
pkg_cv_GTHREAD_LIBS='-lgthread-2.0 -pthread -lglib-2.0'

## ----------------- ##
## Output variables. ##
## ----------------- ##

BUILD_SHARED=''
CC='gcc'
CFLAGS='-g -O2 -D_BSD_SOURCE'
CPP='gcc -E'
CPPFLAGS=''
DEFS='-DHAVE_CONFIG_H'
ECHO_C=''
ECHO_N='-n'
ECHO_T=''
EGREP='grep -E'
EXEEXT=''
GLIB_CFLAGS='-I/usr/include/glib-2.0 -I/usr/lib/x86_64-linux-gnu/glib-2.0/include'
GLIB_LIBS='-lglib-2.0'
GTHREAD_CFLAGS='-pthread -I/usr/include/glib-2.0 -I/usr/lib/x86_64-linux-gnu/glib-2.0/include'
GTHREAD_LIBS='-lgthread-2.0 -pthread -lglib-2.0'
HAVE_BSD_UDPHDR='1'
ICMPHEADER='1'
INSTALL_DATA='${INSTALL} -m 644'
INSTALL_PROGRAM='${INSTALL}'
INSTALL_SCRIPT='${INSTALL}'
LDFLAGS=''
LIBNET_VER='1'
LIBOBJS=''
LIBS='-lgthread-2.0 -lnsl '
LNETLIB='-lnet'
LNET_CFLAGS='-D_BSD_SOURCE -D__BSD_SOURCE -D__FAVOR_BSD -DHAVE_NET_ETHERNET_H'
LTLIBOBJS=''
OBJEXT='o'
PACKAGE_BUGREPORT=''
PACKAGE_NAME=''
PACKAGE_STRING=''
PACKAGE_TARNAME=''
PACKAGE_VERSION=''
PATH_SEPARATOR=':'
PCAPLIB='-lpcap'
PCAP_CFLAGS='-I/usr/include/pcap'
PKG_CONFIG='/usr/bin/pkg-config'
RANLIB='ranlib'
SHELL='/bin/bash'
TCPSTATES='1'
ac_ct_CC='gcc'
ac_ct_RANLIB='ranlib'
ac_pt_PKG_CONFIG='/usr/bin/pkg-config'
bindir='${exec_prefix}/bin'
build='x86_64-unknown-linux-gnu'
build_alias=''
build_cpu='x86_64'
build_os='linux-gnu'
build_vendor='unknown'
datadir='${prefix}/share'
exec_prefix='/usr/local'
host='x86_64-unknown-linux-gnu'
host_alias=''
host_cpu='x86_64'
host_os='linux-gnu'
host_vendor='unknown'
includedir='${prefix}/include'
infodir='${prefix}/info'
libdir='${exec_prefix}/lib'
libexecdir='${exec_prefix}/libexec'
localstatedir='${prefix}/var'
mandir='${prefix}/man'
oldincludedir='/usr/include'
prefix='/usr/local'
program_transform_name='s,x,x,'
sbindir='${exec_prefix}/sbin'
sharedstatedir='${prefix}/com'
sysconfdir='${prefix}/etc'
target='x86_64-unknown-linux-gnu'
target_alias=''
target_cpu='x86_64'
target_os='linux-gnu'
target_vendor='unknown'

## ----------- ##
## confdefs.h. ##
## ----------- ##

#define HAVE_GETTIMEOFDAY 1
#define HAVE_INTTYPES_H 1
#define HAVE_LIBGTHREAD_2_0 1
#define HAVE_LIBNSL 1
#define HAVE_MEMORY_H 1
#define HAVE_STDINT_H 1
#define HAVE_STDLIB_H 1
#define HAVE_STRINGS_H 1
#define HAVE_STRING_H 1
#define HAVE_SYSLOG_H 1
#define HAVE_SYS_STAT_H 1
#define HAVE_SYS_TIME_H 1
#define HAVE_SYS_TYPES_H 1
#define HAVE_UNISTD_H 1
#define HAVE_UNISTD_H 1
#define PACKAGE_BUGREPORT ""
#define PACKAGE_NAME ""
#define PACKAGE_STRING ""
#define PACKAGE_TARNAME ""
#define PACKAGE_VERSION ""
#define STDC_HEADERS 1
#define TIME_WITH_SYS_TIME 1

configure: exit 0
